0 verbose cli /usr/local/bin/node /usr/local/bin/npm
1 info using npm@10.9.2
2 info using node@v22.17.1
3 silly config load:file:/usr/local/lib/node_modules/npm/npmrc
4 silly config load:file:/Users/shreyashjain/code_repos/vacademy_landing_page/.npmrc
5 silly config load:file:/Users/shreyashjain/.npmrc
6 silly config load:file:/usr/local/etc/npmrc
7 verbose title npm install framer-motion gsap @gsap/shockingly npm-run-all class-variance-authority tailwind-merge lucide-react @radix-ui/react-slot zod query-string next-themes sonner
8 verbose argv "install" "framer-motion" "gsap" "@gsap/shockingly" "npm-run-all" "class-variance-authority" "tailwind-merge" "lucide-react" "@radix-ui/react-slot" "zod" "query-string" "next-themes" "sonner"
9 verbose logfile logs-max:10 dir:/Users/shreyashjain/code_repos/vacademy_landing_page/.npm-cache/_logs/2025-10-15T09_30_21_830Z-
10 verbose logfile /Users/shreyashjain/code_repos/vacademy_landing_page/.npm-cache/_logs/2025-10-15T09_30_21_830Z-debug-0.log
11 silly logfile done cleaning log files
12 silly packumentCache heap:4345298944 maxSize:1086324736 maxEntrySize:543162368
13 silly idealTree buildDeps
14 silly fetch manifest class-variance-authority@^0.7.1
15 silly packumentCache full:https://registry.npmjs.org/class-variance-authority cache-miss
16 http cache https://registry.npmjs.org/class-variance-authority 23ms (cache hit)
17 silly packumentCache full:https://registry.npmjs.org/class-variance-authority set size:96388 disposed:false
18 silly fetch manifest lucide-react@^0.545.0
19 silly packumentCache full:https://registry.npmjs.org/lucide-react cache-miss
20 http cache https://registry.npmjs.org/lucide-react 4ms (cache hit)
21 silly packumentCache full:https://registry.npmjs.org/lucide-react set size:2087543 disposed:false
22 silly fetch manifest react@19.1.0
23 silly packumentCache full:https://registry.npmjs.org/react cache-miss
24 http cache https://registry.npmjs.org/react 7ms (cache hit)
25 silly packumentCache full:https://registry.npmjs.org/react set size:6165345 disposed:false
26 silly fetch manifest tailwind-merge@^3.3.1
27 silly packumentCache full:https://registry.npmjs.org/tailwind-merge cache-miss
28 http cache https://registry.npmjs.org/tailwind-merge 4ms (cache hit)
29 silly packumentCache full:https://registry.npmjs.org/tailwind-merge set size:1364097 disposed:false
30 silly fetch manifest framer-motion@*
31 silly packumentCache full:https://registry.npmjs.org/framer-motion cache-miss
32 http fetch GET 200 https://registry.npmjs.org/framer-motion 392ms (cache miss)
33 silly packumentCache full:https://registry.npmjs.org/framer-motion set size:undefined disposed:false
34 silly fetch manifest @emotion/is-prop-valid@*
35 silly packumentCache full:https://registry.npmjs.org/@emotion%2fis-prop-valid cache-miss
36 http fetch GET 200 https://registry.npmjs.org/@emotion%2fis-prop-valid 95ms (cache miss)
37 silly packumentCache full:https://registry.npmjs.org/@emotion%2fis-prop-valid set size:undefined disposed:false
38 silly fetch manifest react-dom@19.1.0
39 silly packumentCache full:https://registry.npmjs.org/react-dom cache-miss
40 http cache https://registry.npmjs.org/react-dom 11ms (cache hit)
41 silly packumentCache full:https://registry.npmjs.org/react-dom set size:8036948 disposed:false
42 silly fetch manifest gsap@*
43 silly packumentCache full:https://registry.npmjs.org/gsap cache-miss
44 http fetch GET 200 https://registry.npmjs.org/gsap 52ms (cache miss)
45 silly packumentCache full:https://registry.npmjs.org/gsap set size:undefined disposed:false
46 silly fetch manifest @gsap/shockingly@*
47 silly packumentCache full:https://registry.npmjs.org/@gsap%2fshockingly cache-miss
48 http fetch GET 404 https://registry.npmjs.org/@gsap%2fshockingly 1008ms (cache skip)
49 silly fetch manifest npm-run-all@*
50 silly packumentCache full:https://registry.npmjs.org/npm-run-all cache-miss
51 http fetch GET 200 https://registry.npmjs.org/npm-run-all 75ms (cache miss)
52 silly packumentCache full:https://registry.npmjs.org/npm-run-all set size:undefined disposed:false
53 silly fetch manifest @radix-ui/react-slot@*
54 silly packumentCache full:https://registry.npmjs.org/@radix-ui%2freact-slot cache-miss
55 http fetch GET 200 https://registry.npmjs.org/@radix-ui%2freact-slot 109ms (cache miss)
56 silly packumentCache full:https://registry.npmjs.org/@radix-ui%2freact-slot set size:undefined disposed:false
57 silly fetch manifest @types/react@^19
58 silly packumentCache full:https://registry.npmjs.org/@types%2freact cache-miss
59 http cache https://registry.npmjs.org/@types%2freact 5ms (cache hit)
60 silly packumentCache full:https://registry.npmjs.org/@types%2freact set size:2504314 disposed:false
61 silly fetch manifest zod@*
62 silly packumentCache full:https://registry.npmjs.org/zod cache-miss
63 http cache https://registry.npmjs.org/zod 5ms (cache hit)
64 silly packumentCache full:https://registry.npmjs.org/zod set size:3173666 disposed:false
65 silly fetch manifest query-string@*
66 silly packumentCache full:https://registry.npmjs.org/query-string cache-miss
67 http fetch GET 200 https://registry.npmjs.org/query-string 58ms (cache miss)
68 silly packumentCache full:https://registry.npmjs.org/query-string set size:undefined disposed:false
69 silly fetch manifest next-themes@*
70 silly packumentCache full:https://registry.npmjs.org/next-themes cache-miss
71 http fetch GET 200 https://registry.npmjs.org/next-themes 864ms (cache miss)
72 silly packumentCache full:https://registry.npmjs.org/next-themes set size:undefined disposed:false
73 silly fetch manifest sonner@*
74 silly packumentCache full:https://registry.npmjs.org/sonner cache-miss
75 http fetch GET 200 https://registry.npmjs.org/sonner 62ms (cache miss)
76 silly packumentCache full:https://registry.npmjs.org/sonner set size:undefined disposed:false
77 silly placeDep ROOT @gsap/shockingly@ OK for: vacademy_landing_page@0.1.0 want: *
78 silly placeDep ROOT @radix-ui/react-slot@1.2.3 OK for: vacademy_landing_page@0.1.0 want: *
79 silly placeDep ROOT class-variance-authority@0.7.1 REPLACE for: vacademy_landing_page@0.1.0 want: ^0.7.1
80 silly placeDep ROOT framer-motion@12.23.24 OK for: vacademy_landing_page@0.1.0 want: *
81 silly placeDep ROOT gsap@3.13.0 OK for: vacademy_landing_page@0.1.0 want: *
82 silly placeDep ROOT lucide-react@0.545.0 REPLACE for: vacademy_landing_page@0.1.0 want: ^0.545.0
83 silly placeDep ROOT next-themes@0.4.6 OK for: vacademy_landing_page@0.1.0 want: *
84 silly placeDep ROOT npm-run-all@4.1.5 OK for: vacademy_landing_page@0.1.0 want: *
85 silly placeDep ROOT query-string@9.3.1 OK for: vacademy_landing_page@0.1.0 want: *
86 silly placeDep ROOT sonner@2.0.7 OK for: vacademy_landing_page@0.1.0 want: *
87 silly placeDep ROOT tailwind-merge@3.3.1 REPLACE for: vacademy_landing_page@0.1.0 want: ^3.3.1
88 silly placeDep ROOT zod@4.1.12 OK for: vacademy_landing_page@0.1.0 want: *
89 silly fetch manifest @radix-ui/react-compose-refs@1.1.2
90 silly packumentCache full:https://registry.npmjs.org/@radix-ui%2freact-compose-refs cache-miss
91 silly fetch manifest motion-dom@^12.23.23
92 silly packumentCache full:https://registry.npmjs.org/motion-dom cache-miss
93 silly fetch manifest motion-utils@^12.23.6
94 silly packumentCache full:https://registry.npmjs.org/motion-utils cache-miss
95 silly fetch manifest chalk@^2.4.1
96 silly packumentCache full:https://registry.npmjs.org/chalk cache-miss
97 silly fetch manifest pidtree@^0.3.0
98 silly packumentCache full:https://registry.npmjs.org/pidtree cache-miss
99 silly fetch manifest read-pkg@^3.0.0
100 silly packumentCache full:https://registry.npmjs.org/read-pkg cache-miss
101 silly fetch manifest ansi-styles@^3.2.1
102 silly packumentCache full:https://registry.npmjs.org/ansi-styles cache-miss
103 silly fetch manifest cross-spawn@^6.0.5
104 silly packumentCache full:https://registry.npmjs.org/cross-spawn cache-miss
105 silly fetch manifest shell-quote@^1.6.1
106 silly packumentCache full:https://registry.npmjs.org/shell-quote cache-miss
107 http cache https://registry.npmjs.org/chalk 6ms (cache hit)
108 silly packumentCache full:https://registry.npmjs.org/chalk set size:117844 disposed:false
109 silly fetch manifest memorystream@^0.3.1
110 silly packumentCache full:https://registry.npmjs.org/memorystream cache-miss
111 http cache https://registry.npmjs.org/cross-spawn 6ms (cache hit)
112 silly packumentCache full:https://registry.npmjs.org/cross-spawn set size:109066 disposed:false
113 silly fetch manifest string.prototype.padend@^3.0.0
114 silly packumentCache full:https://registry.npmjs.org/string.prototype.padend cache-miss
115 http cache https://registry.npmjs.org/ansi-styles 8ms (cache hit)
116 silly packumentCache full:https://registry.npmjs.org/ansi-styles set size:63233 disposed:false
117 silly fetch manifest decode-uri-component@^0.4.1
118 silly packumentCache full:https://registry.npmjs.org/decode-uri-component cache-miss
119 http fetch GET 200 https://registry.npmjs.org/@radix-ui%2freact-compose-refs 100ms (cache miss)
120 silly packumentCache full:https://registry.npmjs.org/@radix-ui%2freact-compose-refs set size:undefined disposed:false
121 silly fetch manifest filter-obj@^5.1.0
122 silly packumentCache full:https://registry.npmjs.org/filter-obj cache-miss
123 http fetch GET 200 https://registry.npmjs.org/filter-obj 56ms (cache miss)
124 silly packumentCache full:https://registry.npmjs.org/filter-obj set size:undefined disposed:false
125 silly fetch manifest split-on-first@^3.0.0
126 silly packumentCache full:https://registry.npmjs.org/split-on-first cache-miss
127 http fetch GET 200 https://registry.npmjs.org/motion-dom 160ms (cache miss)
128 silly packumentCache full:https://registry.npmjs.org/motion-dom set size:undefined disposed:false
129 http fetch GET 200 https://registry.npmjs.org/motion-utils 162ms (cache miss)
130 silly packumentCache full:https://registry.npmjs.org/motion-utils set size:undefined disposed:false
131 http fetch GET 200 https://registry.npmjs.org/shell-quote 169ms (cache miss)
132 silly packumentCache full:https://registry.npmjs.org/shell-quote set size:undefined disposed:false
133 http fetch GET 200 https://registry.npmjs.org/string.prototype.padend 171ms (cache miss)
134 silly packumentCache full:https://registry.npmjs.org/string.prototype.padend set size:undefined disposed:false
135 http fetch GET 200 https://registry.npmjs.org/read-pkg 181ms (cache miss)
136 silly packumentCache full:https://registry.npmjs.org/read-pkg set size:undefined disposed:false
137 http fetch GET 200 https://registry.npmjs.org/decode-uri-component 186ms (cache miss)
138 silly packumentCache full:https://registry.npmjs.org/decode-uri-component set size:undefined disposed:false
139 http fetch GET 200 https://registry.npmjs.org/pidtree 195ms (cache miss)
140 silly packumentCache full:https://registry.npmjs.org/pidtree set size:undefined disposed:false
141 http fetch GET 200 https://registry.npmjs.org/memorystream 189ms (cache miss)
142 silly packumentCache full:https://registry.npmjs.org/memorystream set size:undefined disposed:false
143 http fetch GET 200 https://registry.npmjs.org/split-on-first 65ms (cache miss)
144 silly packumentCache full:https://registry.npmjs.org/split-on-first set size:undefined disposed:false
145 silly fetch manifest @types/react@*
146 silly packumentCache full:https://registry.npmjs.org/@types%2freact cache-miss
147 http cache https://registry.npmjs.org/@types%2freact 4ms (cache hit)
148 silly packumentCache full:https://registry.npmjs.org/@types%2freact set size:2504314 disposed:false
149 silly fetch manifest react@^16.8 || ^17.0 || ^18.0 || ^19.0 || ^19.0.0-rc
150 silly packumentCache full:https://registry.npmjs.org/react cache-miss
151 http cache https://registry.npmjs.org/react 7ms (cache hit)
152 silly packumentCache full:https://registry.npmjs.org/react set size:6165345 disposed:false
153 silly placeDep ROOT @radix-ui/react-compose-refs@1.1.2 OK for: @radix-ui/react-slot@1.2.3 want: 1.1.2
154 silly placeDep ROOT motion-dom@12.23.23 OK for: framer-motion@12.23.24 want: ^12.23.23
155 silly placeDep ROOT motion-utils@12.23.6 OK for: framer-motion@12.23.24 want: ^12.23.6
156 silly placeDep node_modules/npm-run-all ansi-styles@3.2.1 OK for: npm-run-all@4.1.5 want: ^3.2.1
157 silly placeDep node_modules/npm-run-all chalk@2.4.2 OK for: npm-run-all@4.1.5 want: ^2.4.1
158 silly placeDep node_modules/npm-run-all cross-spawn@6.0.6 OK for: npm-run-all@4.1.5 want: ^6.0.5
159 silly placeDep ROOT memorystream@0.3.1 OK for: npm-run-all@4.1.5 want: ^0.3.1
160 silly placeDep ROOT pidtree@0.3.1 OK for: npm-run-all@4.1.5 want: ^0.3.0
161 silly placeDep ROOT read-pkg@3.0.0 OK for: npm-run-all@4.1.5 want: ^3.0.0
162 silly placeDep ROOT shell-quote@1.8.3 OK for: npm-run-all@4.1.5 want: ^1.6.1
163 silly placeDep ROOT string.prototype.padend@3.1.6 OK for: npm-run-all@4.1.5 want: ^3.0.0
164 silly fetch manifest color-convert@^1.9.0
165 silly packumentCache full:https://registry.npmjs.org/color-convert cache-miss
166 silly fetch manifest supports-color@^5.3.0
167 silly packumentCache full:https://registry.npmjs.org/supports-color cache-miss
168 silly fetch manifest escape-string-regexp@^1.0.5
169 silly packumentCache full:https://registry.npmjs.org/escape-string-regexp cache-miss
170 silly fetch manifest nice-try@^1.0.4
171 silly packumentCache full:https://registry.npmjs.org/nice-try cache-miss
172 silly fetch manifest path-key@^2.0.1
173 silly packumentCache full:https://registry.npmjs.org/path-key cache-miss
174 silly fetch manifest semver@^5.5.0
175 silly packumentCache full:https://registry.npmjs.org/semver cache-miss
176 silly fetch manifest shebang-command@^1.2.0
177 silly packumentCache full:https://registry.npmjs.org/shebang-command cache-miss
178 silly fetch manifest which@^1.2.9
179 silly packumentCache full:https://registry.npmjs.org/which cache-miss
180 silly fetch manifest load-json-file@^4.0.0
181 silly packumentCache full:https://registry.npmjs.org/load-json-file cache-miss
182 http cache https://registry.npmjs.org/color-convert 4ms (cache hit)
183 silly packumentCache full:https://registry.npmjs.org/color-convert set size:70744 disposed:false
184 silly fetch manifest normalize-package-data@^2.3.2
185 silly packumentCache full:https://registry.npmjs.org/normalize-package-data cache-miss
186 http cache https://registry.npmjs.org/semver 5ms (cache hit)
187 silly packumentCache full:https://registry.npmjs.org/semver set size:226907 disposed:false
188 silly fetch manifest path-type@^3.0.0
189 silly packumentCache full:https://registry.npmjs.org/path-type cache-miss
190 http cache https://registry.npmjs.org/escape-string-regexp 7ms (cache hit)
191 silly packumentCache full:https://registry.npmjs.org/escape-string-regexp set size:22244 disposed:false
192 http cache https://registry.npmjs.org/which 8ms (cache hit)
193 silly packumentCache full:https://registry.npmjs.org/which set size:62722 disposed:false
194 http cache https://registry.npmjs.org/supports-color 9ms (cache hit)
195 silly packumentCache full:https://registry.npmjs.org/supports-color set size:118680 disposed:false
196 http cache https://registry.npmjs.org/path-key 9ms (cache hit)
197 silly packumentCache full:https://registry.npmjs.org/path-key set size:16975 disposed:false
198 http cache https://registry.npmjs.org/shebang-command 9ms (cache hit)
199 silly packumentCache full:https://registry.npmjs.org/shebang-command set size:8525 disposed:false
200 http fetch GET 200 https://registry.npmjs.org/nice-try 55ms (cache miss)
201 silly packumentCache full:https://registry.npmjs.org/nice-try set size:undefined disposed:false
202 http fetch GET 200 https://registry.npmjs.org/path-type 53ms (cache miss)
203 silly packumentCache full:https://registry.npmjs.org/path-type set size:undefined disposed:false
204 http fetch GET 200 https://registry.npmjs.org/load-json-file 61ms (cache miss)
205 silly packumentCache full:https://registry.npmjs.org/load-json-file set size:undefined disposed:false
206 http fetch GET 200 https://registry.npmjs.org/normalize-package-data 60ms (cache miss)
207 silly packumentCache full:https://registry.npmjs.org/normalize-package-data set size:undefined disposed:false
208 silly placeDep ROOT decode-uri-component@0.4.1 OK for: query-string@9.3.1 want: ^0.4.1
209 silly placeDep ROOT filter-obj@5.1.0 OK for: query-string@9.3.1 want: ^5.1.0
210 silly placeDep ROOT split-on-first@3.0.0 OK for: query-string@9.3.1 want: ^3.0.0
211 silly placeDep ROOT load-json-file@4.0.0 OK for: read-pkg@3.0.0 want: ^4.0.0
212 silly placeDep ROOT normalize-package-data@2.5.0 OK for: read-pkg@3.0.0 want: ^2.3.2
213 silly placeDep ROOT path-type@3.0.0 OK for: read-pkg@3.0.0 want: ^3.0.0
214 silly fetch manifest parse-json@^4.0.0
215 silly packumentCache full:https://registry.npmjs.org/parse-json cache-miss
216 silly fetch manifest pify@^3.0.0
217 silly packumentCache full:https://registry.npmjs.org/pify cache-miss
218 silly fetch manifest semver@2 || 3 || 4 || 5
219 silly packumentCache full:https://registry.npmjs.org/semver cache-hit
220 silly fetch manifest hosted-git-info@^2.1.4
221 silly packumentCache full:https://registry.npmjs.org/hosted-git-info cache-miss
222 silly fetch manifest validate-npm-package-license@^3.0.1
223 silly packumentCache full:https://registry.npmjs.org/validate-npm-package-license cache-miss
224 silly fetch manifest pify@^3.0.0
225 silly packumentCache full:https://registry.npmjs.org/pify cache-miss
226 http cache https://registry.npmjs.org/parse-json 4ms (cache hit)
227 silly packumentCache full:https://registry.npmjs.org/parse-json set size:48198 disposed:false
228 http fetch GET 200 https://registry.npmjs.org/pify 56ms (cache miss)
229 silly packumentCache full:https://registry.npmjs.org/pify set size:undefined disposed:false
230 http fetch GET 200 https://registry.npmjs.org/pify 57ms (cache miss)
231 silly packumentCache full:https://registry.npmjs.org/pify set size:undefined disposed:false
232 http fetch GET 200 https://registry.npmjs.org/validate-npm-package-license 65ms (cache miss)
233 silly packumentCache full:https://registry.npmjs.org/validate-npm-package-license set size:undefined disposed:false
234 http fetch GET 200 https://registry.npmjs.org/hosted-git-info 94ms (cache miss)
235 silly packumentCache full:https://registry.npmjs.org/hosted-git-info set size:undefined disposed:false
236 silly placeDep ROOT parse-json@4.0.0 OK for: load-json-file@4.0.0 want: ^4.0.0
237 silly placeDep ROOT pify@3.0.0 OK for: load-json-file@4.0.0 want: ^3.0.0
238 silly fetch manifest error-ex@^1.3.1
239 silly packumentCache full:https://registry.npmjs.org/error-ex cache-miss
240 silly fetch manifest json-parse-better-errors@^1.0.1
241 silly packumentCache full:https://registry.npmjs.org/json-parse-better-errors cache-miss
242 http cache https://registry.npmjs.org/error-ex 1ms (cache hit)
243 silly packumentCache full:https://registry.npmjs.org/error-ex set size:31684 disposed:false
244 http fetch GET 200 https://registry.npmjs.org/json-parse-better-errors 47ms (cache miss)
245 silly packumentCache full:https://registry.npmjs.org/json-parse-better-errors set size:undefined disposed:false
246 silly placeDep ROOT hosted-git-info@2.8.9 OK for: normalize-package-data@2.5.0 want: ^2.1.4
247 silly placeDep node_modules/normalize-package-data semver@5.7.2 OK for: normalize-package-data@2.5.0 want: 2 || 3 || 4 || 5
248 silly placeDep ROOT validate-npm-package-license@3.0.4 OK for: normalize-package-data@2.5.0 want: ^3.0.1
249 silly fetch manifest spdx-correct@^3.0.0
250 silly packumentCache full:https://registry.npmjs.org/spdx-correct cache-miss
251 silly fetch manifest spdx-expression-parse@^3.0.0
252 silly packumentCache full:https://registry.npmjs.org/spdx-expression-parse cache-miss
253 http fetch GET 200 https://registry.npmjs.org/spdx-expression-parse 50ms (cache miss)
254 silly packumentCache full:https://registry.npmjs.org/spdx-expression-parse set size:undefined disposed:false
255 http fetch GET 200 https://registry.npmjs.org/spdx-correct 53ms (cache miss)
256 silly packumentCache full:https://registry.npmjs.org/spdx-correct set size:undefined disposed:false
257 silly placeDep ROOT error-ex@1.3.4 OK for: parse-json@4.0.0 want: ^1.3.1
258 silly placeDep ROOT json-parse-better-errors@1.0.2 OK for: parse-json@4.0.0 want: ^1.0.1
259 silly fetch manifest is-arrayish@^0.2.1
260 silly packumentCache full:https://registry.npmjs.org/is-arrayish cache-miss
261 http cache https://registry.npmjs.org/is-arrayish 1ms (cache hit)
262 silly packumentCache full:https://registry.npmjs.org/is-arrayish set size:15371 disposed:false
263 silly placeDep ROOT is-arrayish@0.2.1 OK for: error-ex@1.3.4 want: ^0.2.1
264 silly placeDep ROOT spdx-correct@3.2.0 OK for: validate-npm-package-license@3.0.4 want: ^3.0.0
265 silly placeDep ROOT spdx-expression-parse@3.0.1 OK for: validate-npm-package-license@3.0.4 want: ^3.0.0
266 silly fetch manifest spdx-license-ids@^3.0.0
267 silly packumentCache full:https://registry.npmjs.org/spdx-license-ids cache-miss
268 silly fetch manifest spdx-exceptions@^2.1.0
269 silly packumentCache full:https://registry.npmjs.org/spdx-exceptions cache-miss
270 silly fetch manifest spdx-license-ids@^3.0.0
271 silly packumentCache full:https://registry.npmjs.org/spdx-license-ids cache-miss
272 http fetch GET 200 https://registry.npmjs.org/spdx-license-ids 55ms (cache miss)
273 silly packumentCache full:https://registry.npmjs.org/spdx-license-ids set size:undefined disposed:false
274 http fetch GET 200 https://registry.npmjs.org/spdx-license-ids 57ms (cache miss)
275 silly packumentCache full:https://registry.npmjs.org/spdx-license-ids set size:undefined disposed:false
276 http fetch GET 200 https://registry.npmjs.org/spdx-exceptions 58ms (cache miss)
277 silly packumentCache full:https://registry.npmjs.org/spdx-exceptions set size:undefined disposed:false
278 silly placeDep ROOT spdx-license-ids@3.0.22 OK for: spdx-correct@3.2.0 want: ^3.0.0
279 silly placeDep ROOT spdx-exceptions@2.5.0 OK for: spdx-expression-parse@3.0.1 want: ^2.1.0
280 silly placeDep node_modules/npm-run-all color-convert@1.9.3 OK for: ansi-styles@3.2.1 want: ^1.9.0
281 silly fetch manifest color-name@1.1.3
282 silly packumentCache full:https://registry.npmjs.org/color-name cache-miss
283 http cache https://registry.npmjs.org/color-name 2ms (cache hit)
284 silly packumentCache full:https://registry.npmjs.org/color-name set size:17921 disposed:false
285 silly placeDep node_modules/npm-run-all escape-string-regexp@1.0.5 OK for: chalk@2.4.2 want: ^1.0.5
286 silly placeDep node_modules/npm-run-all supports-color@5.5.0 OK for: chalk@2.4.2 want: ^5.3.0
287 silly fetch manifest has-flag@^3.0.0
288 silly packumentCache full:https://registry.npmjs.org/has-flag cache-miss
289 http cache https://registry.npmjs.org/has-flag 3ms (cache hit)
290 silly packumentCache full:https://registry.npmjs.org/has-flag set size:15180 disposed:false
291 silly placeDep node_modules/npm-run-all color-name@1.1.3 OK for: color-convert@1.9.3 want: 1.1.3
292 silly placeDep ROOT nice-try@1.0.5 OK for: cross-spawn@6.0.6 want: ^1.0.4
293 silly placeDep node_modules/npm-run-all path-key@2.0.1 OK for: cross-spawn@6.0.6 want: ^2.0.1
294 silly placeDep node_modules/npm-run-all semver@5.7.2 OK for: cross-spawn@6.0.6 want: ^5.5.0
295 silly placeDep node_modules/npm-run-all shebang-command@1.2.0 OK for: cross-spawn@6.0.6 want: ^1.2.0
296 silly placeDep node_modules/npm-run-all which@1.3.1 OK for: cross-spawn@6.0.6 want: ^1.2.9
297 silly fetch manifest shebang-regex@^1.0.0
298 silly packumentCache full:https://registry.npmjs.org/shebang-regex cache-miss
299 http cache https://registry.npmjs.org/shebang-regex 1ms (cache hit)
300 silly packumentCache full:https://registry.npmjs.org/shebang-regex set size:9763 disposed:false
301 silly placeDep node_modules/npm-run-all shebang-regex@1.0.0 OK for: shebang-command@1.2.0 want: ^1.0.0
302 silly placeDep node_modules/npm-run-all has-flag@3.0.0 OK for: supports-color@5.5.0 want: ^3.0.0
303 verbose stack HttpErrorGeneral: 404 Not Found - GET https://registry.npmjs.org/@gsap%2fshockingly - Not found
303 verbose stack     at /usr/local/lib/node_modules/npm/node_modules/npm-registry-fetch/lib/check-response.js:103:15
303 verbose stack     at process.processTicksAndRejections (node:internal/process/task_queues:105:5)
303 verbose stack     at async RegistryFetcher.packument (/usr/local/lib/node_modules/npm/node_modules/pacote/lib/registry.js:90:19)
303 verbose stack     at async RegistryFetcher.manifest (/usr/local/lib/node_modules/npm/node_modules/pacote/lib/registry.js:128:23)
303 verbose stack     at async #fetchManifest (/usr/local/lib/node_modules/npm/node_modules/@npmcli/arborist/lib/arborist/build-ideal-tree.js:1202:20)
303 verbose stack     at async #nodeFromEdge (/usr/local/lib/node_modules/npm/node_modules/@npmcli/arborist/lib/arborist/build-ideal-tree.js:1040:19)
303 verbose stack     at async #buildDepStep (/usr/local/lib/node_modules/npm/node_modules/@npmcli/arborist/lib/arborist/build-ideal-tree.js:904:11)
303 verbose stack     at async Arborist.buildIdealTree (/usr/local/lib/node_modules/npm/node_modules/@npmcli/arborist/lib/arborist/build-ideal-tree.js:181:7)
303 verbose stack     at async Promise.all (index 1)
303 verbose stack     at async Arborist.reify (/usr/local/lib/node_modules/npm/node_modules/@npmcli/arborist/lib/arborist/reify.js:131:5)
304 verbose statusCode 404
305 verbose pkgid @gsap/shockingly@*
306 error code E404
307 error 404 Not Found - GET https://registry.npmjs.org/@gsap%2fshockingly - Not found
308 error 404
309 error 404  '@gsap/shockingly@*' is not in this registry.
310 error 404
311 error 404 Note that you can also install from a
312 error 404 tarball, folder, http url, or git url.
313 silly unfinished npm timer reify 1760520622080
314 silly unfinished npm timer reify:loadTrees 1760520622081
315 verbose cwd /Users/shreyashjain/code_repos/vacademy_landing_page
316 verbose os Darwin 24.5.0
317 verbose node v22.17.1
318 verbose npm  v10.9.2
319 verbose exit 1
320 verbose code 1
321 error A complete log of this run can be found in: /Users/shreyashjain/code_repos/vacademy_landing_page/.npm-cache/_logs/2025-10-15T09_30_21_830Z-debug-0.log
